2020-06-15 22:27:45 INFO  Login_Testscript 43 - login success
2020-06-15 22:27:46 INFO  Login_Testscript 37 - credendial passed
2020-06-15 22:40:57 INFO  com.TestScript.Login_Testscript 43 - login success
2020-06-15 22:40:59 INFO  com.TestScript.Login_Testscript 37 - credendial passed
2020-06-15 22:51:54 INFO  Home_TestScript 29 - userid password sent in feild
2020-06-15 22:52:04 INFO  Home_TestScript 37 - home button displayed
2020-06-15 22:55:34 INFO  com.TestScript.Login_Testscript 43 - login success
2020-06-15 22:55:36 INFO  com.TestScript.Login_Testscript 37 - credendial passed
2020-06-15 23:23:59 INFO  com.TestScript.Login_Testscript 33 - logout successfully
2020-06-15 23:48:55 INFO  com.TestScript.Login_Testscript 40 - login success
2020-06-15 23:48:57 INFO  com.TestScript.Login_Testscript 34 - credendial passed
2020-06-15 23:50:24 INFO  com.TestScript.Login_Testscript 40 - login success
2020-06-15 23:50:25 INFO  com.TestScript.Login_Testscript 34 - credendial passed
2020-06-15 23:51:45 INFO  com.TestScript.Login_Testscript 40 - login success
2020-06-15 23:51:46 INFO  com.TestScript.Login_Testscript 34 - credendial passed
2020-06-15 23:52:00 INFO  com.TestScript.Login_Testscript 33 - logout successfully
2020-06-15 23:53:09 INFO  Home_TestScript 29 - userid password sent in feild
2020-06-15 23:53:13 INFO  Home_TestScript 37 - home button displayed
2020-06-15 23:58:30 INFO  Home_TestScript 29 - userid password sent in feild
2020-06-15 23:58:34 INFO  Home_TestScript 37 - home button displayed
2020-06-16 12:26:05 INFO  com.TestScript.Login_Testscript 40 - login success
2020-06-16 12:26:06 INFO  com.TestScript.Login_Testscript 34 - credendial passed
2020-06-16 13:59:48 INFO  com.TestScript.Login_Testscript 40 - login success
2020-06-16 13:59:50 INFO  com.TestScript.Login_Testscript 34 - credendial passed
2020-06-16 14:09:25 INFO  com.TestScript.Login_Testscript 40 - login success
2020-06-16 14:09:26 INFO  com.TestScript.Login_Testscript 34 - credendial passed
2020-06-16 14:17:20 INFO  com.TestScript.Login_Testscript 27 - login Success
2020-06-16 14:17:20 INFO  com.TestScript.Login_Testscript 33 - logout successfully
2020-06-16 14:21:02 INFO  com.TestScript.Login_Testscript 27 - login Success
2020-06-16 14:21:02 INFO  com.TestScript.Login_Testscript 33 - logout successfully
2020-06-16 15:40:37 INFO  Home_TestScript 29 - userid password sent in feild
2020-06-16 15:40:46 INFO  Home_TestScript 37 - home button displayed
2020-06-16 15:48:21 INFO  Home_TestScript 29 - userid password sent in feild
2020-06-16 15:48:22 INFO  Home_TestScript 37 - home button displayed
2020-06-16 16:03:03 INFO  Home_TestScript 31 - userid password sent in feild
2020-06-16 16:03:09 INFO  Home_TestScript 40 - home button displayed
2020-06-16 17:34:58 INFO  Home_TestScript 29 - userid password sent in feild
2020-06-16 17:35:04 INFO  Home_TestScript 38 - home button displayed
2020-06-16 18:51:36 INFO  com.TestScript.Login_Testscript 40 - login success
2020-06-16 18:51:41 INFO  com.TestScript.Login_Testscript 33 - logout successfully
2020-06-16 18:55:10 INFO  com.TestScript.Login_Testscript 40 - login success
2020-06-16 18:55:11 INFO  com.TestScript.Login_Testscript 34 - credendial passed
2020-06-16 18:55:22 INFO  com.TestScript.Login_Testscript 27 - login Success
2020-06-16 18:55:22 INFO  com.TestScript.Login_Testscript 33 - logout successfully
2020-06-16 18:56:39 INFO  com.TestScript.Login_Testscript 40 - login success
2020-06-16 18:56:56 INFO  com.TestScript.Login_Testscript 27 - login Success
2020-06-16 18:57:02 INFO  com.TestScript.Login_Testscript 33 - logout successfully
2020-06-16 19:03:00 INFO  com.TestScript.Login_Testscript 40 - login success
2020-06-16 19:03:02 INFO  com.TestScript.Login_Testscript 34 - credendial passed
2020-06-16 19:03:16 INFO  com.TestScript.Login_Testscript 27 - login Success
2020-06-16 19:03:29 INFO  com.TestScript.Login_Testscript 38 - logout successfully
2020-06-16 19:06:18 INFO  com.TestScript.Login_Testscript 32 - credendial passed
2020-06-16 19:06:24 INFO  com.TestScript.Login_Testscript 39 - login success
2020-06-16 19:06:33 INFO  com.TestScript.Login_Testscript 27 - login Success
2020-06-16 19:06:40 INFO  com.TestScript.Login_Testscript 38 - logout successfully
2020-06-16 19:08:47 INFO  com.TestScript.Login_Testscript 32 - credendial passed
2020-06-16 19:08:49 INFO  com.TestScript.Login_Testscript 39 - login success
2020-06-16 19:09:04 INFO  com.TestScript.Login_Testscript 27 - login Success
2020-06-16 19:09:26 INFO  com.TestScript.Login_Testscript 38 - logout successfully
2020-06-16 22:13:15 INFO  com.TestScript.Login_Testscript 32 - credendial passed
2020-06-16 22:13:16 INFO  com.TestScript.Login_Testscript 39 - login success
2020-06-16 22:13:34 INFO  com.TestScript.Login_Testscript 27 - login Success
2020-06-16 22:13:40 INFO  com.TestScript.Login_Testscript 38 - logout successfully
2020-06-16 22:14:28 INFO  Home_TestScript 29 - userid password sent in feild
2020-06-16 22:18:20 INFO  Home_TestScript 29 - userid password sent in feild
2020-06-16 22:29:03 INFO  Home_TestScript 29 - userid password sent in feild
2020-06-16 22:36:39 INFO  com.TestScript.Login_Testscript 32 - credendial passed
2020-06-16 22:36:43 INFO  com.TestScript.Login_Testscript 40 - login success
2020-06-16 22:38:40 INFO  com.TestScript.Login_Testscript 32 - credendial passed
2020-06-16 22:38:41 INFO  com.TestScript.Login_Testscript 41 - login success
2020-06-16 22:42:39 INFO  com.TestScript.Login_Testscript 32 - credendial passed
2020-06-16 22:42:43 INFO  com.TestScript.Login_Testscript 41 - login success
2020-06-16 22:43:34 INFO  com.TestScript.Login_Testscript 32 - credendial passed
2020-06-16 22:43:35 INFO  com.TestScript.Login_Testscript 41 - login success
2020-06-16 22:46:11 INFO  com.TestScript.Login_Testscript 34 - credendial passed
2020-06-16 22:46:14 INFO  com.TestScript.Login_Testscript 43 - login success
2020-06-16 23:02:34 INFO  com.TestScript.Login_Testscript 35 - credendial passed
2020-06-16 23:02:36 INFO  com.TestScript.Login_Testscript 45 - login success
2020-06-16 23:03:01 INFO  Home_TestScript 29 - userid password sent in feild
2020-06-16 23:03:11 INFO  com.TestScript.Login_Testscript 27 - login Success
2020-06-16 23:03:19 INFO  com.TestScript.Login_Testscript 38 - logout successfully
2020-06-16 23:46:53 INFO  com.TestScript.Login_Testscript 34 - credendial passed
2020-06-16 23:47:05 INFO  com.TestScript.Login_Testscript 44 - login success
2020-06-16 23:47:16 INFO  com.TestScript.Login_Testscript 25 - forgot password  is displayed
2020-06-16 23:47:31 INFO  Home_TestScript 29 - userid password sent in feild
2020-06-16 23:47:38 INFO  Home_TestScript 38 - home button displayed
2020-06-16 23:47:49 INFO  com.TestScript.Login_Testscript 28 - login Success
2020-06-16 23:47:53 INFO  com.TestScript.Login_Testscript 39 - logout successfully
2020-06-18 16:31:21 INFO  com.TestScript.Login_Testscript 34 - credendial passed
2020-06-18 16:31:30 INFO  com.TestScript.Login_Testscript 43 - login success
2020-06-18 16:34:10 INFO  com.TestScript.Login_Testscript 34 - credendial passed
2020-06-18 16:34:15 INFO  com.TestScript.Login_Testscript 43 - login success
2020-06-18 16:37:29 INFO  com.TestScript.Login_Testscript 48 - Invalid Credential passed
2020-06-18 16:37:29 INFO  com.TestScript.Login_Testscript 49 - Login FAiled
2020-06-18 16:37:30 INFO  com.TestScript.Login_Testscript 33 - Valid Credendial passed
2020-06-18 16:37:32 INFO  com.TestScript.Login_Testscript 42 - login success
2020-06-18 16:43:30 INFO  com.TestScript.Login_Testscript 42 - login success
2020-06-18 16:46:50 INFO  com.TestScript.Login_Testscript 42 - login success
2020-06-18 16:48:19 INFO  com.TestScript.Login_Testscript 48 - Invalid Credential passed
2020-06-18 16:48:19 INFO  com.TestScript.Login_Testscript 49 - Login FAiled
2020-06-18 16:48:20 INFO  com.TestScript.Login_Testscript 33 - Valid Credendial passed
2020-06-18 16:48:22 INFO  com.TestScript.Login_Testscript 42 - login success
2020-06-18 16:50:35 INFO  com.TestScript.Login_Testscript 48 - Invalid Credential passed
2020-06-18 16:50:35 INFO  com.TestScript.Login_Testscript 49 - Login FAiled
2020-06-18 16:50:36 INFO  com.TestScript.Login_Testscript 33 - Valid Credendial passed
2020-06-18 16:50:38 INFO  com.TestScript.Login_Testscript 42 - login success
2020-06-18 16:52:14 INFO  com.TestScript.Login_Testscript 48 - Invalid Credential passed
2020-06-18 16:52:14 INFO  com.TestScript.Login_Testscript 49 - Login FAiled
2020-06-18 16:52:15 INFO  com.TestScript.Login_Testscript 33 - Valid Credendial passed
2020-06-18 16:52:17 INFO  com.TestScript.Login_Testscript 42 - login success
2020-06-18 17:03:38 INFO  com.TestScript.Login_Testscript 28 - login Success
2020-06-18 17:04:18 INFO  com.TestScript.Login_Testscript 28 - login Success
2020-06-18 17:04:22 INFO  com.TestScript.Login_Testscript 39 - logout successfully
2020-06-18 17:04:56 INFO  com.TestScript.Login_Testscript 48 - Invalid Credential passed
2020-06-18 17:04:56 INFO  com.TestScript.Login_Testscript 49 - Login FAiled
2020-06-18 17:04:57 INFO  com.TestScript.Login_Testscript 33 - Valid Credendial passed
2020-06-18 17:04:58 INFO  com.TestScript.Login_Testscript 42 - login success
2020-06-18 17:05:21 INFO  com.TestScript.Login_Testscript 48 - Invalid Credential passed
2020-06-18 17:05:21 INFO  com.TestScript.Login_Testscript 49 - Login FAiled
2020-06-18 17:05:23 INFO  com.TestScript.Login_Testscript 33 - Valid Credendial passed
2020-06-18 17:05:23 INFO  com.TestScript.Login_Testscript 42 - login success
2020-06-18 17:05:55 INFO  com.TestScript.Login_Testscript 39 - logout successfully
2020-06-18 17:20:13 INFO  com.TestScript.Login_Testscript 28 - login Success
2020-06-18 17:22:33 INFO  com.TestScript.Login_Testscript 28 - login Success
2020-06-18 17:29:15 INFO  com.TestScript.Login_Testscript 28 - login Success
2020-06-18 17:29:20 INFO  com.TestScript.Login_Testscript 40 - logout successfully
2020-06-18 17:29:51 INFO  com.TestScript.Login_Testscript 48 - Invalid Credential passed
2020-06-18 17:29:51 INFO  com.TestScript.Login_Testscript 49 - Login FAiled
2020-06-18 17:29:52 INFO  com.TestScript.Login_Testscript 33 - Valid Credendial passed
2020-06-18 17:29:54 INFO  com.TestScript.Login_Testscript 42 - login success
2020-06-18 17:30:26 INFO  com.TestScript.Login_Testscript 40 - logout successfully
2020-06-18 17:31:34 INFO  com.TestScript.Login_Testscript 48 - Invalid Credential passed
2020-06-18 17:31:34 INFO  com.TestScript.Login_Testscript 49 - Login FAiled
2020-06-18 17:31:35 INFO  com.TestScript.Login_Testscript 33 - Valid Credendial passed
2020-06-18 17:31:37 INFO  com.TestScript.Login_Testscript 42 - login success
2020-06-18 17:31:40 INFO  com.TestScript.Login_Testscript 40 - logout successfully
2020-06-18 17:32:12 INFO  com.TestScript.Login_Testscript 48 - Invalid Credential passed
2020-06-18 17:32:12 INFO  com.TestScript.Login_Testscript 49 - Login FAiled
2020-06-18 17:32:13 INFO  com.TestScript.Login_Testscript 33 - Valid Credendial passed
2020-06-18 17:32:17 INFO  com.TestScript.Login_Testscript 42 - login success
2020-06-18 17:32:19 INFO  com.TestScript.Login_Testscript 40 - logout successfully
2020-06-18 17:37:57 INFO  com.TestScript.Login_Testscript 28 - forgot password  is displayed
2020-06-18 17:42:04 INFO  com.TestScript.Login_Testscript 48 - Invalid Credential passed
2020-06-18 17:42:04 INFO  com.TestScript.Login_Testscript 49 - Login FAiled
2020-06-18 17:42:05 INFO  com.TestScript.Login_Testscript 33 - Valid Credendial passed
2020-06-18 17:42:07 INFO  com.TestScript.Login_Testscript 42 - login success
2020-06-18 17:42:11 INFO  Home_TestScript 38 - home button displayed
2020-06-18 17:42:12 INFO  com.TestScript.Login_Testscript 40 - logout successfully
2020-06-18 17:43:54 INFO  com.TestScript.Login_Testscript 48 - Invalid Credential passed
2020-06-18 17:43:54 INFO  com.TestScript.Login_Testscript 49 - Login FAiled
2020-06-18 17:43:55 INFO  com.TestScript.Login_Testscript 33 - Valid Credendial passed
2020-06-18 17:43:57 INFO  com.TestScript.Login_Testscript 42 - login success
2020-06-18 17:44:00 INFO  Home_TestScript 38 - home button displayed
2020-06-18 17:44:02 INFO  com.TestScript.Login_Testscript 40 - logout successfully
2020-06-18 17:44:02 INFO  com.TestScript.Login_Testscript 28 - forgot password  is displayed
2020-06-18 17:45:59 INFO  com.TestScript.Login_Testscript 48 - Invalid Credential passed
2020-06-18 17:45:59 INFO  com.TestScript.Login_Testscript 49 - Login FAiled
2020-06-18 17:46:00 INFO  com.TestScript.Login_Testscript 33 - Valid Credendial passed
2020-06-18 17:46:02 INFO  com.TestScript.Login_Testscript 42 - login success
2020-06-18 17:46:05 INFO  Home_TestScript 38 - home button displayed
2020-06-18 17:46:06 INFO  com.TestScript.Login_Testscript 40 - logout successfully
2020-06-18 17:46:07 INFO  com.TestScript.Login_Testscript 28 - forgot password  is displayed
2020-06-18 17:49:14 INFO  com.TestScript.Login_Testscript 48 - Invalid Credential passed
2020-06-18 17:49:14 INFO  com.TestScript.Login_Testscript 49 - Login FAiled
2020-06-18 17:49:15 INFO  com.TestScript.Login_Testscript 33 - Valid Credendial passed
2020-06-18 17:49:17 INFO  com.TestScript.Login_Testscript 42 - login success
2020-06-18 17:49:20 INFO  com.TestScript.Login_Testscript 40 - logout successfully
2020-06-18 17:49:49 INFO  com.TestScript.Login_Testscript 28 - forgot password  is displayed
2020-06-18 17:55:12 INFO  com.TestScript.Login_Testscript 48 - Invalid Credential passed
2020-06-18 17:55:12 INFO  com.TestScript.Login_Testscript 49 - Login FAiled
2020-06-18 17:55:14 INFO  com.TestScript.Login_Testscript 33 - Valid Credendial passed
2020-06-18 17:55:50 INFO  com.TestScript.Login_Testscript 42 - login success
2020-06-18 17:55:55 INFO  Home_TestScript 38 - home button displayed
2020-06-18 17:55:57 INFO  com.TestScript.Login_Testscript 40 - logout successfully
2020-06-18 17:55:58 INFO  com.TestScript.Login_Testscript 28 - forgot password  is displayed
2020-06-18 22:03:02 INFO  com.TestScript.Login_Testscript 48 - Invalid Credential passed
2020-06-18 22:03:02 INFO  com.TestScript.Login_Testscript 49 - Login FAiled
2020-06-18 22:03:03 INFO  com.TestScript.Login_Testscript 33 - Valid Credendial passed
2020-06-18 22:03:04 INFO  com.TestScript.Login_Testscript 42 - login success
2020-06-18 22:03:09 INFO  Home_TestScript 39 - home button displayed
2020-06-18 22:03:11 INFO  com.TestScript.Login_Testscript 40 - logout successfully
2020-06-18 22:03:11 INFO  com.TestScript.Login_Testscript 28 - forgot password  is displayed
2020-06-18 23:14:34 INFO  com.TestScript.Login_Testscript 28 - forgot password  is displayed
2020-06-18 23:15:51 INFO  com.TestScript.Login_Testscript 28 - forgot password  is displayed
2020-06-18 23:16:56 INFO  com.TestScript.Login_Testscript 28 - login Success
2020-06-18 23:19:40 INFO  com.TestScript.Login_Testscript 28 - login Success
2020-06-18 23:20:56 INFO  com.TestScript.Login_Testscript 28 - login Success
2020-06-18 23:22:21 INFO  com.TestScript.Login_Testscript 28 - login Success
2020-06-18 23:22:34 INFO  com.TestScript.Login_Testscript 40 - logout successfully
2020-06-18 23:31:16 INFO  com.TestScript.Login_Testscript 29 - login Success
2020-06-18 23:33:25 INFO  com.TestScript.Login_Testscript 29 - login Success
2020-06-18 23:33:34 INFO  com.TestScript.Login_Testscript 42 - logout successfully
2020-06-18 23:35:28 INFO  com.TestScript.Login_Testscript 50 - Invalid Credential passed
2020-06-18 23:35:28 INFO  com.TestScript.Login_Testscript 51 - Login FAiled
2020-06-18 23:35:29 INFO  com.TestScript.Login_Testscript 33 - Valid Credendial passed
2020-06-18 23:35:31 INFO  com.TestScript.Login_Testscript 44 - login success
2020-06-18 23:35:34 INFO  Home_TestScript 39 - home button displayed
2020-06-18 23:35:41 INFO  com.TestScript.Login_Testscript 42 - logout successfully
2020-06-18 23:35:41 INFO  com.TestScript.Login_Testscript 28 - forgot password  is displayed
2020-06-18 23:39:47 INFO  com.TestScript.Login_Testscript 29 - forgot password  is displayed
2020-06-18 23:40:16 INFO  com.TestScript.Login_Testscript 50 - Invalid Credential passed
2020-06-18 23:40:16 INFO  com.TestScript.Login_Testscript 51 - Login FAiled
2020-06-18 23:40:17 INFO  com.TestScript.Login_Testscript 33 - Valid Credendial passed
2020-06-18 23:40:17 INFO  com.TestScript.Login_Testscript 44 - login success
2020-06-18 23:40:23 INFO  Home_TestScript 39 - home button displayed
2020-06-18 23:40:30 INFO  com.TestScript.Login_Testscript 42 - logout successfully
2020-06-18 23:40:30 INFO  com.TestScript.Login_Testscript 29 - forgot password  is displayed
2020-06-18 23:43:02 INFO  com.TestScript.Login_Testscript 50 - Invalid Credential passed
2020-06-18 23:43:02 INFO  com.TestScript.Login_Testscript 51 - Login FAiled
2020-06-18 23:43:04 INFO  com.TestScript.Login_Testscript 33 - Valid Credendial passed
2020-06-18 23:43:05 INFO  com.TestScript.Login_Testscript 44 - login success
2020-06-18 23:43:09 INFO  Home_TestScript 39 - home button displayed
2020-06-18 23:43:16 INFO  com.TestScript.Login_Testscript 42 - logout successfully
2020-06-18 23:43:16 INFO  com.TestScript.Login_Testscript 29 - forgot password  is displayed
2020-06-18 23:44:11 INFO  com.TestScript.Login_Testscript 50 - Invalid Credential passed
2020-06-18 23:44:11 INFO  com.TestScript.Login_Testscript 51 - Login FAiled
2020-06-18 23:44:12 INFO  com.TestScript.Login_Testscript 33 - Valid Credendial passed
2020-06-18 23:44:14 INFO  com.TestScript.Login_Testscript 44 - login success
2020-06-18 23:44:17 INFO  Home_TestScript 39 - home button displayed
2020-06-18 23:44:24 INFO  com.TestScript.Login_Testscript 42 - logout successfully
2020-06-18 23:44:24 INFO  com.TestScript.Login_Testscript 29 - forgot password  is displayed
2020-06-18 23:45:54 INFO  com.TestScript.Login_Testscript 50 - Invalid Credential passed
2020-06-18 23:45:54 INFO  com.TestScript.Login_Testscript 51 - Login FAiled
2020-06-18 23:45:56 INFO  com.TestScript.Login_Testscript 33 - Valid Credendial passed
2020-06-18 23:45:57 INFO  com.TestScript.Login_Testscript 44 - login success
2020-06-18 23:46:01 INFO  Home_TestScript 39 - home button displayed
2020-06-18 23:46:08 INFO  com.TestScript.Login_Testscript 42 - logout successfully
2020-06-18 23:46:08 INFO  com.TestScript.Login_Testscript 29 - forgot password  is displayed
2020-06-18 23:47:57 INFO  com.TestScript.Login_Testscript 50 - Invalid Credential passed
2020-06-18 23:47:57 INFO  com.TestScript.Login_Testscript 51 - Login FAiled
2020-06-18 23:47:59 INFO  com.TestScript.Login_Testscript 33 - Valid Credendial passed
2020-06-18 23:48:00 INFO  com.TestScript.Login_Testscript 44 - login success
2020-06-18 23:48:06 INFO  Home_TestScript 39 - home button displayed
2020-06-18 23:48:13 INFO  com.TestScript.Login_Testscript 42 - logout successfully
2020-06-18 23:48:13 INFO  com.TestScript.Login_Testscript 29 - forgot password  is displayed
2020-06-18 23:50:16 INFO  com.TestScript.Login_Testscript 50 - Invalid Credential passed
2020-06-18 23:50:16 INFO  com.TestScript.Login_Testscript 51 - Login FAiled
2020-06-18 23:50:18 INFO  com.TestScript.Login_Testscript 33 - Valid Credendial passed
2020-06-18 23:50:19 INFO  com.TestScript.Login_Testscript 44 - login success
2020-06-18 23:50:22 INFO  Home_TestScript 39 - home button displayed
2020-06-18 23:50:29 INFO  com.TestScript.Login_Testscript 42 - logout successfully
2020-06-18 23:50:29 INFO  com.TestScript.Login_Testscript 29 - forgot password  is displayed
2020-06-18 23:59:45 INFO  com.TestScript.Login_Testscript 50 - Invalid Credential passed
2020-06-18 23:59:45 INFO  com.TestScript.Login_Testscript 51 - Login FAiled
2020-06-18 23:59:46 INFO  com.TestScript.Login_Testscript 33 - Valid Credendial passed
2020-06-18 23:59:51 INFO  com.TestScript.Login_Testscript 44 - login success
2020-06-18 23:59:54 INFO  Home_TestScript 38 - home button displayed
2020-06-19 00:00:01 INFO  com.TestScript.Login_Testscript 42 - logout successfully
2020-06-19 00:02:33 INFO  com.TestScript.Login_Testscript 31 - forgot password  is displayed
2020-06-19 00:02:59 INFO  com.TestScript.Login_Testscript 50 - Invalid Credential passed
2020-06-19 00:02:59 INFO  com.TestScript.Login_Testscript 51 - Login FAiled
2020-06-19 00:03:00 INFO  com.TestScript.Login_Testscript 33 - Valid Credendial passed
2020-06-19 00:03:04 INFO  com.TestScript.Login_Testscript 44 - login success
2020-06-19 00:03:09 INFO  Home_TestScript 38 - home button displayed
2020-06-19 00:03:17 INFO  com.TestScript.Login_Testscript 42 - logout successfully
2020-06-19 00:09:18 INFO  com.TestScript.Login_Testscript 50 - Invalid Credential passed
2020-06-19 00:09:18 INFO  com.TestScript.Login_Testscript 51 - Login FAiled
2020-06-19 00:09:19 INFO  com.TestScript.Login_Testscript 33 - Valid Credendial passed
2020-06-19 00:09:26 INFO  com.TestScript.Login_Testscript 44 - login success
2020-06-19 00:09:27 INFO  Home_TestScript 38 - home button displayed
2020-06-19 00:09:49 INFO  com.TestScript.Login_Testscript 42 - logout successfully
2020-06-19 00:11:09 INFO  com.TestScript.Login_Testscript 50 - Invalid Credential passed
2020-06-19 00:11:09 INFO  com.TestScript.Login_Testscript 51 - Login FAiled
2020-06-19 00:11:11 INFO  com.TestScript.Login_Testscript 33 - Valid Credendial passed
2020-06-19 00:11:12 INFO  com.TestScript.Login_Testscript 44 - login success
2020-06-19 00:11:16 INFO  Home_TestScript 38 - home button displayed
2020-06-19 00:11:23 INFO  com.TestScript.Login_Testscript 42 - logout successfully
2020-06-19 00:14:08 INFO  com.TestScript.Login_Testscript 50 - Invalid Credential passed
2020-06-19 00:14:08 INFO  com.TestScript.Login_Testscript 51 - Login FAiled
2020-06-19 00:14:10 INFO  com.TestScript.Login_Testscript 33 - Valid Credendial passed
2020-06-19 00:14:14 INFO  com.TestScript.Login_Testscript 44 - login success
2020-06-19 00:14:21 INFO  Home_TestScript 38 - home button displayed
2020-06-19 00:14:27 INFO  com.TestScript.Login_Testscript 42 - logout successfully
2020-06-19 00:14:29 INFO  com.TestScript.Login_Testscript 32 - forgot password  is displayed
